# JRE version: Java(TM) SE Runtime Environment (10.0.1+10) (build 10.0.1+10)
# Java VM: Java HotSpot(TM) 64-Bit Server VM (10.0.1+10, mixed mode, tiered, compressed oops, g1 gc, windows-amd64)
Heap:
 garbage-first heap   total 258048K, used 53501K [0x0000000082200000, 0x0000000100000000)
  region size 1024K, 1 young (1024K), 1 survivors (1024K)
 Metaspace       used 28104K, capacity 28631K, committed 29056K, reserved 1075200K
  class space    used 3009K, capacity 3199K, committed 3200K, reserved 1048576K
GC Heap History (10 events):
Event: 28.986 GC heap after
{Heap after GC invocations=5 (full 0):
 garbage-first heap   total 129024K, used 22620K [0x0000000082200000, 0x0000000100000000)
  region size 1024K, 2 young (2048K), 2 survivors (2048K)
 Metaspace       used 27679K, capacity 28209K, committed 28800K, reserved 1075200K
  class space    used 2945K, capacity 3166K, committed 3200K, reserved 1048576K
}
Event: 30.379 GC heap before
{Heap before GC invocations=5 (full 0):
 garbage-first heap   total 129024K, used 62556K [0x0000000082200000, 0x0000000100000000)
  region size 1024K, 39 young (39936K), 2 survivors (2048K)
 Metaspace       used 28072K, capacity 28561K, committed 29056K, reserved 1075200K
  class space    used 3008K, capacity 3198K, committed 3200K, reserved 1048576K
}
Event: 30.710 GC heap after
{Heap after GC invocations=6 (full 0):
 garbage-first heap   total 129024K, used 36170K [0x0000000082200000, 0x0000000100000000)
  region size 1024K, 5 young (5120K), 5 survivors (5120K)
 Metaspace       used 28072K, capacity 28561K, committed 29056K, reserved 1075200K
  class space    used 3008K, capacity 3198K, committed 3200K, reserved 1048576K
}
Event: 31.118 GC heap before
{Heap before GC invocations=6 (full 0):
 garbage-first heap   total 129024K, used 43338K [0x0000000082200000, 0x0000000100000000)
  region size 1024K, 12 young (12288K), 5 survivors (5120K)
 Metaspace       used 28073K, capacity 28561K, committed 29056K, reserved 1075200K
  class space    used 3008K, capacity 3198K, committed 3200K, reserved 1048576K
}
Event: 31.396 GC heap after
{Heap after GC invocations=7 (full 0):
 garbage-first heap   total 129024K, used 39100K [0x0000000082200000, 0x0000000100000000)
  region size 1024K, 2 young (2048K), 2 survivors (2048K)
 Metaspace       used 28073K, capacity 28561K, committed 29056K, reserved 1075200K
  class space    used 3008K, capacity 3198K, committed 3200K, reserved 1048576K
}
Event: 31.434 GC heap before
{Heap before GC invocations=7 (full 0):
 garbage-first heap   total 129024K, used 48316K [0x0000000082200000, 0x0000000100000000)
  region size 1024K, 11 young (11264K), 2 survivors (2048K)
 Metaspace       used 28073K, capacity 28561K, committed 29056K, reserved 1075200K
  class space    used 3008K, capacity 3198K, committed 3200K, reserved 1048576K
}
Event: 31.621 GC heap after
{Heap after GC invocations=8 (full 0):
 garbage-first heap   total 129024K, used 42128K [0x0000000082200000, 0x0000000100000000)
  region size 1024K, 2 young (2048K), 2 survivors (2048K)
 Metaspace       used 28073K, capacity 28561K, committed 29056K, reserved 1075200K
  class space    used 3008K, capacity 3198K, committed 3200K, reserved 1048576K
}
Event: 31.803 GC heap before
{Heap before GC invocations=8 (full 0):
 garbage-first heap   total 129024K, used 52368K [0x0000000082200000, 0x0000000100000000)
  region size 1024K, 10 young (10240K), 2 survivors (2048K)
 Metaspace       used 28104K, capacity 28631K, committed 29056K, reserved 1075200K
  class space    used 3009K, capacity 3199K, committed 3200K, reserved 1048576K
}
Event: 32.476 GC heap after
{Heap after GC invocations=9 (full 0):
 garbage-first heap   total 129024K, used 49307K [0x0000000082200000, 0x0000000100000000)
  region size 1024K, 2 young (2048K), 2 survivors (2048K)
 Metaspace       used 28104K, capacity 28631K, committed 29056K, reserved 1075200K
  class space    used 3009K, capacity 3199K, committed 3200K, reserved 1048576K
}
Event: 32.546 GC heap before
{Heap before GC invocations=9 (full 0):
 garbage-first heap   total 129024K, used 53403K [0x0000000082200000, 0x0000000100000000)
  region size 1024K, 6 young (6144K), 2 survivors (2048K)
 Metaspace       used 28104K, capacity 28631K, committed 29056K, reserved 1075200K
  class space    used 3009K, capacity 3199K, committed 3200K, reserved 1048576K
}

