# JRE version: Java(TM) SE Runtime Environment (10.0.1+10) (build 10.0.1+10)
# Java VM: Java HotSpot(TM) 64-Bit Server VM (10.0.1+10, mixed mode, tiered, compressed oops, g1 gc, windows-amd64)
Heap:
 garbage-first heap   total 347136K, used 92160K [0x0000000082200000, 0x0000000100000000)
  region size 1024K, 4 young (4096K), 4 survivors (4096K)
 Metaspace       used 29378K, capacity 29906K, committed 30336K, reserved 1077248K
  class space    used 3146K, capacity 3378K, committed 3456K, reserved 1048576K
GC Heap History (10 events):
Event: 81.519 GC heap after
{Heap after GC invocations=20 (full 0):
 garbage-first heap   total 129024K, used 66319K [0x0000000082200000, 0x0000000100000000)
  region size 1024K, 3 young (3072K), 3 survivors (3072K)
 Metaspace       used 29320K, capacity 29894K, committed 30336K, reserved 1077248K
  class space    used 3145K, capacity 3376K, committed 3456K, reserved 1048576K
}
Event: 81.593 GC heap before
{Heap before GC invocations=20 (full 0):
 garbage-first heap   total 129024K, used 83727K [0x0000000082200000, 0x0000000100000000)
  region size 1024K, 20 young (20480K), 3 survivors (3072K)
 Metaspace       used 29320K, capacity 29894K, committed 30336K, reserved 1077248K
  class space    used 3145K, capacity 3376K, committed 3456K, reserved 1048576K
}
Event: 81.629 GC heap after
{Heap after GC invocations=21 (full 0):
 garbage-first heap   total 169984K, used 81289K [0x0000000082200000, 0x0000000100000000)
  region size 1024K, 3 young (3072K), 3 survivors (3072K)
 Metaspace       used 29320K, capacity 29894K, committed 30336K, reserved 1077248K
  class space    used 3145K, capacity 3376K, committed 3456K, reserved 1048576K
}
Event: 81.773 GC heap before
{Heap before GC invocations=22 (full 0):
 garbage-first heap   total 169984K, used 100745K [0x0000000082200000, 0x0000000100000000)
  region size 1024K, 26 young (26624K), 3 survivors (3072K)
 Metaspace       used 29348K, capacity 29900K, committed 30336K, reserved 1077248K
  class space    used 3146K, capacity 3377K, committed 3456K, reserved 1048576K
}
Event: 81.789 GC heap after
{Heap after GC invocations=23 (full 0):
 garbage-first heap   total 169984K, used 88374K [0x0000000082200000, 0x0000000100000000)
  region size 1024K, 4 young (4096K), 4 survivors (4096K)
 Metaspace       used 29348K, capacity 29900K, committed 30336K, reserved 1077248K
  class space    used 3146K, capacity 3377K, committed 3456K, reserved 1048576K
}
Event: 81.807 GC heap before
{Heap before GC invocations=23 (full 0):
 garbage-first heap   total 169984K, used 92470K [0x0000000082200000, 0x0000000100000000)
  region size 1024K, 8 young (8192K), 4 survivors (4096K)
 Metaspace       used 29348K, capacity 29900K, committed 30336K, reserved 1077248K
  class space    used 3146K, capacity 3377K, committed 3456K, reserved 1048576K
}
Event: 81.820 GC heap after
{Heap after GC invocations=24 (full 0):
 garbage-first heap   total 169984K, used 78848K [0x0000000082200000, 0x0000000100000000)
  region size 1024K, 1 young (1024K), 1 survivors (1024K)
 Metaspace       used 29348K, capacity 29900K, committed 30336K, reserved 1077248K
  class space    used 3146K, capacity 3377K, committed 3456K, reserved 1048576K
}
Event: 81.847 GC heap before
{Heap before GC invocations=24 (full 0):
 garbage-first heap   total 169984K, used 86016K [0x0000000082200000, 0x0000000100000000)
  region size 1024K, 8 young (8192K), 1 survivors (1024K)
 Metaspace       used 29348K, capacity 29900K, committed 30336K, reserved 1077248K
  class space    used 3146K, capacity 3377K, committed 3456K, reserved 1048576K
}
Event: 81.862 GC heap after
{Heap after GC invocations=25 (full 0):
 garbage-first heap   total 169984K, used 80638K [0x0000000082200000, 0x0000000100000000)
  region size 1024K, 1 young (1024K), 1 survivors (1024K)
 Metaspace       used 29348K, capacity 29900K, committed 30336K, reserved 1077248K
  class space    used 3146K, capacity 3377K, committed 3456K, reserved 1048576K
}
Event: 81.992 GC heap before
{Heap before GC invocations=25 (full 0):
 garbage-first heap   total 169984K, used 107262K [0x0000000082200000, 0x0000000100000000)
  region size 1024K, 25 young (25600K), 1 survivors (1024K)
 Metaspace       used 29378K, capacity 29906K, committed 30336K, reserved 1077248K
  class space    used 3146K, capacity 3378K, committed 3456K, reserved 1048576K
}

