# JRE version: Java(TM) SE Runtime Environment (10.0.1+10) (build 10.0.1+10)
# Java VM: Java HotSpot(TM) 64-Bit Server VM (10.0.1+10, mixed mode, tiered, compressed oops, g1 gc, windows-amd64)
Heap:
 garbage-first heap   total 1063936K, used 173368K [0x0000000082200000, 0x0000000100000000)
  region size 1024K, 18 young (18432K), 18 survivors (18432K)
 Metaspace       used 28928K, capacity 29506K, committed 29696K, reserved 1075200K
  class space    used 3086K, capacity 3305K, committed 3328K, reserved 1048576K
GC Heap History (10 events):
Event: 27.694 GC heap after
{Heap after GC invocations=23 (full 0):
 garbage-first heap   total 208896K, used 124832K [0x0000000082200000, 0x0000000100000000)
  region size 1024K, 4 young (4096K), 4 survivors (4096K)
 Metaspace       used 28678K, capacity 29198K, committed 29696K, reserved 1075200K
  class space    used 3069K, capacity 3275K, committed 3328K, reserved 1048576K
}
Event: 27.792 GC heap before
{Heap before GC invocations=24 (full 0):
 garbage-first heap   total 208896K, used 104352K [0x0000000082200000, 0x0000000100000000)
  region size 1024K, 29 young (29696K), 4 survivors (4096K)
 Metaspace       used 28691K, capacity 29198K, committed 29696K, reserved 1075200K
  class space    used 3069K, capacity 3275K, committed 3328K, reserved 1048576K
}
Event: 27.889 GC heap after
{Heap after GC invocations=25 (full 0):
 garbage-first heap   total 454656K, used 94208K [0x0000000082200000, 0x0000000100000000)
  region size 1024K, 4 young (4096K), 4 survivors (4096K)
 Metaspace       used 28691K, capacity 29198K, committed 29696K, reserved 1075200K
  class space    used 3069K, capacity 3275K, committed 3328K, reserved 1048576K
}
Event: 28.076 GC heap before
{Heap before GC invocations=25 (full 0):
 garbage-first heap   total 454656K, used 112640K [0x0000000082200000, 0x0000000100000000)
  region size 1024K, 22 young (22528K), 4 survivors (4096K)
 Metaspace       used 28691K, capacity 29198K, committed 29696K, reserved 1075200K
  class space    used 3069K, capacity 3275K, committed 3328K, reserved 1048576K
}
Event: 28.095 GC heap after
{Heap after GC invocations=26 (full 0):
 garbage-first heap   total 454656K, used 87407K [0x0000000082200000, 0x0000000100000000)
  region size 1024K, 3 young (3072K), 3 survivors (3072K)
 Metaspace       used 28691K, capacity 29198K, committed 29696K, reserved 1075200K
  class space    used 3069K, capacity 3275K, committed 3328K, reserved 1048576K
}
Event: 28.873 GC heap before
{Heap before GC invocations=26 (full 0):
 garbage-first heap   total 454656K, used 199023K [0x0000000082200000, 0x0000000100000000)
  region size 1024K, 106 young (108544K), 3 survivors (3072K)
 Metaspace       used 28734K, capacity 29204K, committed 29696K, reserved 1075200K
  class space    used 3070K, capacity 3276K, committed 3328K, reserved 1048576K
}
Event: 28.933 GC heap after
{Heap after GC invocations=27 (full 0):
 garbage-first heap   total 454656K, used 120832K [0x0000000082200000, 0x0000000100000000)
  region size 1024K, 14 young (14336K), 14 survivors (14336K)
 Metaspace       used 28734K, capacity 29204K, committed 29696K, reserved 1075200K
  class space    used 3070K, capacity 3276K, committed 3328K, reserved 1048576K
}
Event: 29.626 GC heap before
{Heap before GC invocations=27 (full 0):
 garbage-first heap   total 454656K, used 257024K [0x0000000082200000, 0x0000000100000000)
  region size 1024K, 141 young (144384K), 14 survivors (14336K)
 Metaspace       used 28769K, capacity 29268K, committed 29696K, reserved 1075200K
  class space    used 3070K, capacity 3276K, committed 3328K, reserved 1048576K
}
Event: 29.679 GC heap after
{Heap after GC invocations=28 (full 0):
 garbage-first heap   total 454656K, used 151386K [0x0000000082200000, 0x0000000100000000)
  region size 1024K, 18 young (18432K), 18 survivors (18432K)
 Metaspace       used 28769K, capacity 29268K, committed 29696K, reserved 1075200K
  class space    used 3070K, capacity 3276K, committed 3328K, reserved 1048576K
}
Event: 30.327 GC heap before
{Heap before GC invocations=28 (full 0):
 garbage-first heap   total 454656K, used 290650K [0x0000000082200000, 0x0000000100000000)
  region size 1024K, 148 young (151552K), 18 survivors (18432K)
 Metaspace       used 28928K, capacity 29506K, committed 29696K, reserved 1075200K
  class space    used 3086K, capacity 3305K, committed 3328K, reserved 1048576K
}

