<?xml version="1.0" encoding="UTF-8"?>
<!-- Generated by org.testng.reporters.JUnitXMLReporter -->
<testsuite ignored="0" hostname="DESKTOP-AIQJ01R" failures="0" tests="3" name="Default test" time="51.956" errors="0" timestamp="14 Mar 2020 10:53:42 GMT">
  <testcase classname="Sample_Test.Sample_Test.SampleTestCase" name="Test1" time="35.58"/>
  <testcase classname="Sample_Test.Sample_Test.SampleTestCase" name="personalInformation" time="0.601"/>
  <testcase classname="Sample_Test.Sample_Test.SampleTestCase" name="personalInformation" time="0.808"/>
</testsuite> <!-- Default test -->
